BUILD: Computing Include file dependencies:
BUILD: Examining f:\skipping post pass 0 command
Compiling and Linking f:\'nmake.exe /nologo BUILDMSG=Stop. -i BUILD_PASS=PASS2 LINKONLY=1 NOPASS0=1 MAKEDIR_RELATIVE_TO_BASEDIR='
f:\??\prp??3\??\bluepill\helloworld\common: TARGETPATH is ..\bin
BUILDMSG: _NT_TARGET_VERSION SET TO WINXP
ml.exe /safeseh /c /coff /Cx /nologo /Ii386\ /I. /I. /I..\vmx /If:\
 Assembling: ..\i386\cpuid.asm
 cl.exe @f:\??\prp??3\??\bluepill\helloworld\common\objchk_wxp_x86\i386\cl.rsp
Microsoft (R) 32-bit C/C++ Optimizing Compiler Version 14.00.50727.278 for 80x86
Copyright (C) Microsoft Corporation.  All rights reserved.
cl /Fo"f:\
 /FC
 /Ii386
 /I.
 /I.
 /I..\vmx
 /If:\
 /IG:\WinDDK\6001.18001\inc\api
 /IG:\WinDDK\6001.18001\inc\api
 /IG:\WinDDK\6001.18001\inc\ddk
 /IG:\WinDDK\6001.18001\inc\ddk
 /IG:\WinDDK\6001.18001\inc\crt
 /D_X86_=1
 /Di386=1
 /DSTD_CALL
 /DCONDITION_HANDLING=1
 /DNT_INST=0
 /DWIN32=100
 /D_NT1X_=100
 /DWINNT=1
 /D_WIN32_WINNT=0x0501
 /DWINVER=0x0501
 /D_WIN32_IE=0x0603
 /DWIN32_LEAN_AND_MEAN=1
 /DDEVL=1
 /DDBG=1
 /D__BUILDMACHINE__=WinDDK
 /DFPO=0
 /D_DLL=1
 /DNDEBUG
 /DDEPRECATE_DDK_FUNCTIONS=1
 /DMSC_NOOPT
 /DNTDDI_VERSION=0x05010200
 /c
 /Zc:wchar_t-
 /Zl
 /Zp8
 /Gy
 /Gm-
 -cbstring
 /W3
 /Gz
 /hotpatch
 /EHs-c-
 /GR-
 /GF
 /GS
 /Z7
 /Od
 /Oi
 /Oy-
 /Z7
 /DKMDF_MAJOR_VERSION=01
 /DKMDF_MINOR_VERSION=007
 /FIG:\WinDDK\6001.18001\inc\api\warning.h
 .\hvmutil.c .\hvm.c 
hvmutil.c
hvm.c
f:\
errors in directory f:\ f:\
Generating Code...
 link.exe /out:..\bin\i386\newbp3.sys /machine:ix86 @f:\??\prp??3\??\bluepill\helloworld\common\objchk_wxp_x86\i386\lnk.rsp
Microsoft (R) Incremental Linker Version 8.00.50727.278
Copyright (C) Microsoft Corporation.  All rights reserved.
/MERGE:_PAGE=PAGE 
/MERGE:_TEXT=.text 
/SECTION:INIT,d 
/OPT:REF 
/OPT:ICF 
/IGNORE:4198,4010,4037,4039,4065,4070,4078,4087,4089,4221 
/INCREMENTAL:NO 
/release 
/NODEFAULTLIB 
/WX 
/debug 
/debugtype:cv,fixup,pdata 
/version:6.0 
/osversion:6.0 
/functionpadmin:5 
/safeseh 
/pdbcompress 
/STACK:0x40000,0x1000 
/driver 
/base:0x10000 
/align:0x80 /stub:g:\winddk\6001.18001\lib\wxp\stub512.com 
/subsystem:native,5.01 
/entry:GsDriverEntry@8 
/out:..\bin\i386\newbp3.sys 
f:\
f:\
f:\
f:\
f:\
g:\winddk\6001.18001\lib\wxp\i386\BufferOverflowK.lib 
g:\winddk\6001.18001\lib\wxp\i386\ntoskrnl.lib 
g:\winddk\6001.18001\lib\wxp\i386\hal.lib 
g:\winddk\6001.18001\lib\wxp\i386\wmilib.lib 
g:\winddk\6001.18001\lib\wxp\i386\sehupd.lib 
LINK : fatal error LNK1181: cannot open input file 'f:\
link : error LNK1181: cannot open input file 'f:\