BUILD: Examining d:\workspace\maddog\src\framework directory tree for files to compile.
skipping post pass 0 command
1>Compiling (NoSync) d:\workspace\maddog\src\framework\util\debuggers\common *************
1>'nmake.exe /nologo BUILDMSG=Stop. -i BUILD_PASS=PASS1 NOLINK=1 MAKEDIR_RELATIVE_TO_BASEDIR='
1>BUILDMSG: Processing d:\workspace\maddog\src\framework\util\debuggers\common
2>Compiling (NoSync) d:\workspace\maddog\src\framework\vmx *************
2>'nmake.exe /nologo BUILDMSG=Stop. -i BUILD_PASS=PASS1 NOLINK=1 MAKEDIR_RELATIVE_TO_BASEDIR='
2>BUILDMSG: Processing d:\workspace\maddog\src\framework\vmx
1>d:\workspace\maddog\src\framework\util\debuggers\common: TARGETPATH is d:\Workspace\MadDog\bin\Framework\lib
1>BUILDMSG: _NT_TARGET_VERSION SET TO WINXP
2>d:\workspace\maddog\src\framework\vmx: TARGETPATH is d:\Workspace\MadDog\bin\Framework\lib
2>BUILDMSG: _NT_TARGET_VERSION SET TO WINXP
2> cl.exe @d:\workspace\maddog\src\framework\vmx\objchk_wxp_x86\i386\cl.rsp
1>ml.exe /safeseh /c /coff /Cx /nologo /Ii386\ /I. /I. /Ie:\winddk\6001.18001\inc /Id:\Workspace\MadDog\src\Framework\Util\Headers /Id:\workspace\maddog\src\framework\util\debuggers\common\objchk_wxp_x86\i386 /IE:\WinDDK\6001.18001\inc\api /IE:\WinDDK\6001.18001\inc\api /IE:\WinDDK\6001.18001\inc\ddk /IE:\WinDDK\6001.18001\inc\ddk /IE:\WinDDK\6001.18001\inc\crt /Zm /Zi /D_X86_=1 /Di386=1 /DSTD_CALL /DCONDITION_HANDLING=1 /DNT_INST=0 /DWIN32=100 /D_NT1X_=100 /DWINNT=1 /D_WIN32_WINNT=0x0501 /DWINVER=0x0501 /D_WIN32_IE=0x0603 /DWIN32_LEAN_AND_MEAN=1 /DDEVL=1 /DDBG=1 /D__BUILDMACHINE__=WinDDK /DFPO=0 /Fod:\workspace\maddog\src\framework\util\debuggers\common\objchk_wxp_x86\i386\debugger-asm.obj ..\i386\debugger-asm.asm
2>Microsoft (R) 32-bit C/C++ Optimizing Compiler Version 14.00.50727.278 for 80x86
2>Copyright (C) Microsoft Corporation.  All rights reserved.
2>cl /Fo"d:\workspace\maddog\src\framework\vmx\objchk_wxp_x86\i386/"
2> /FC
2> /MT
2> /U_MT
2> /Ii386
2> /I.
2> /I.
2> /Id:\Workspace\MadDog\src\Framework\common
2> /Id:\Workspace\MadDog\src\Framework\Util\Headers
2> /Id:\workspace\maddog\src\framework\vmx\objchk_wxp_x86\i386
2> /IE:\WinDDK\6001.18001\inc\api
2> /IE:\WinDDK\6001.18001\inc\api
2> /IE:\WinDDK\6001.18001\inc\ddk
2> /IE:\WinDDK\6001.18001\inc\ddk
2> /IE:\WinDDK\6001.18001\inc\crt
2> /D_X86_=1
2> /Di386=1
2> /DSTD_CALL
2> /DCONDITION_HANDLING=1
2> /DNT_INST=0
2> /DWIN32=100
2> /D_NT1X_=100
2> /DWINNT=1
2> /D_WIN32_WINNT=0x0501
2> /DWINVER=0x0501
2> /D_WIN32_IE=0x0603
2> /DWIN32_LEAN_AND_MEAN=1
2> /DDEVL=1
2> /DDBG=1
2> /D__BUILDMACHINE__=WinDDK
2> /DFPO=0
2> /DDEPRECATE_DDK_FUNCTIONS=1
2> /DMSC_NOOPT
2> /DNTDDI_VERSION=0x05010200
2> /c
2> /Zc:wchar_t-
2> /Zl
2> /Zp8
2> /Gy
2> /Gm-
2> -cbstring
2> /W3
2> /Gz
2> /hotpatch
2> /EHs-c-
2> /GR-
2> /GF
2> /GS
2> /Z7
2> /Od
2> /Oi
2> /Oy-
2> /Z7
2> /DKMDF_MAJOR_VERSION=01
2> /DKMDF_MINOR_VERSION=007
2> /FIE:\WinDDK\6001.18001\inc\api\warning.h
2> .\vmx.c .\vmxtraps.c .\vmxdebug.c 
2>vmx.c
1> Assembling: ..\i386\debugger-asm.asm
1> cl.exe @d:\workspace\maddog\src\framework\util\debuggers\common\objchk_wxp_x86\i386\cl.rsp
1>Microsoft (R) 32-bit C/C++ Optimizing Compiler Version 14.00.50727.278 for 80x86
1>Copyright (C) Microsoft Corporation.  All rights reserved.
1>cl /Fo"d:\workspace\maddog\src\framework\util\debuggers\common\objchk_wxp_x86\i386/"
1> /FC
1> /MT
1> /U_MT
1> /Ii386
1> /I.
1> /I.
1> /Ie:\winddk\6001.18001\inc
1> /Id:\Workspace\MadDog\src\Framework\Util\Headers
1> /Id:\workspace\maddog\src\framework\util\debuggers\common\objchk_wxp_x86\i386
1> /IE:\WinDDK\6001.18001\inc\api
1> /IE:\WinDDK\6001.18001\inc\api
1> /IE:\WinDDK\6001.18001\inc\ddk
1> /IE:\WinDDK\6001.18001\inc\ddk
1> /IE:\WinDDK\6001.18001\inc\crt
1> /D_X86_=1
1> /Di386=1
1> /DSTD_CALL
1> /DCONDITION_HANDLING=1
1> /DNT_INST=0
1> /DWIN32=100
1> /D_NT1X_=100
1> /DWINNT=1
1> /D_WIN32_WINNT=0x0501
1> /DWINVER=0x0501
1> /D_WIN32_IE=0x0603
1> /DWIN32_LEAN_AND_MEAN=1
1> /DDEVL=1
1> /DDBG=1
1> /D__BUILDMACHINE__=WinDDK
1> /DFPO=0
1> /DDEPRECATE_DDK_FUNCTIONS=1
1> /DMSC_NOOPT
1> /DNTDDI_VERSION=0x05010200
1> /c
1> /Zc:wchar_t-
1> /Zl
1> /Zp8
1> /Gy
1> /Gm-
1> -cbstring
1> /W3
1> /Gz
1> /hotpatch
1> /EHs-c-
1> /GR-
1> /GF
1> /GS
1> /Z7
1> /Od
1> /Oi
1> /Oy-
1> /Z7
1> /DKMDF_MAJOR_VERSION=01
1> /DKMDF_MINOR_VERSION=007
1> /FIE:\WinDDK\6001.18001\inc\api\warning.h
1> .\printinfos.c .\snprintf.c 
1>printinfos.c
2>vmxtraps.c
1>snprintf.c
1>Generating Code...
2>vmxdebug.c
1> link.exe /lib /out:d:\Workspace\MadDog\bin\Framework\lib\i386\Util.lib /IGNORE:4198,4010,4037,4039,4065,4070,4078,4087,4089,4221  /WX /nodefaultlib /machine:ix86 @d:\workspace\maddog\src\framework\util\debuggers\common\objchk_wxp_x86\i386\lib.rsp
1>Microsoft (R) Library Manager Version 8.00.50727.278
1>Copyright (C) Microsoft Corporation.  All rights reserved.
1>d:\workspace\maddog\src\framework\util\debuggers\common\objchk_wxp_x86\i386\debugger-asm.obj 
1>d:\workspace\maddog\src\framework\util\debuggers\common\objchk_wxp_x86\i386\printinfos.obj 
1>d:\workspace\maddog\src\framework\util\debuggers\common\objchk_wxp_x86\i386\snprintf.obj 
1>Compiling (NoSync) d:\workspace\maddog\src\framework\common *************
1>'nmake.exe /nologo BUILDMSG=Stop. -i BUILD_PASS=PASS1 NOLINK=1 MAKEDIR_RELATIVE_TO_BASEDIR='
1>BUILDMSG: Processing d:\workspace\maddog\src\framework\common
2>Generating Code...
1>d:\workspace\maddog\src\framework\common: TARGETPATH is d:\Workspace\MadDog\bin\Framework\lib
1>BUILDMSG: _NT_TARGET_VERSION SET TO WINXP
2> link.exe /lib /out:d:\Workspace\MadDog\bin\Framework\lib\i386\vmx.lib /IGNORE:4198,4010,4037,4039,4065,4070,4078,4087,4089,4221  /WX /nodefaultlib /machine:ix86 @d:\workspace\maddog\src\framework\vmx\objchk_wxp_x86\i386\lib.rsp
2>Microsoft (R) Library Manager Version 8.00.50727.278
2>Copyright (C) Microsoft Corporation.  All rights reserved.
2>d:\workspace\maddog\src\framework\vmx\objchk_wxp_x86\i386\vmx.obj 
2>d:\workspace\maddog\src\framework\vmx\objchk_wxp_x86\i386\vmxtraps.obj 
2>d:\workspace\maddog\src\framework\vmx\objchk_wxp_x86\i386\vmxdebug.obj 
1>ml.exe /safeseh /c /coff /Cx /nologo /Ii386\ /I. /I. /Id:\Workspace\MadDog\src\Framework\Util\Headers /Id:\Workspace\MadDog\src\Framework\vmx /Id:\workspace\maddog\src\framework\common\objchk_wxp_x86\i386 /IE:\WinDDK\6001.18001\inc\api /IE:\WinDDK\6001.18001\inc\api /IE:\WinDDK\6001.18001\inc\ddk /IE:\WinDDK\6001.18001\inc\ddk /IE:\WinDDK\6001.18001\inc\crt /Zm /Zi /D_X86_=1 /Di386=1 /DSTD_CALL /DCONDITION_HANDLING=1 /DNT_INST=0 /DWIN32=100 /D_NT1X_=100 /DWINNT=1 /D_WIN32_WINNT=0x0501 /DWINVER=0x0501 /D_WIN32_IE=0x0603 /DWIN32_LEAN_AND_MEAN=1 /DDEVL=1 /DDBG=1 /D__BUILDMACHINE__=WinDDK /DFPO=0 /Fod:\workspace\maddog\src\framework\common\objchk_wxp_x86\i386\cpuid.obj ..\i386\cpuid.asm
1> Assembling: ..\i386\cpuid.asm
1>ml.exe /safeseh /c /coff /Cx /nologo /Ii386\ /I. /I. /Id:\Workspace\MadDog\src\Framework\Util\Headers /Id:\Workspace\MadDog\src\Framework\vmx /Id:\workspace\maddog\src\framework\common\objchk_wxp_x86\i386 /IE:\WinDDK\6001.18001\inc\api /IE:\WinDDK\6001.18001\inc\api /IE:\WinDDK\6001.18001\inc\ddk /IE:\WinDDK\6001.18001\inc\ddk /IE:\WinDDK\6001.18001\inc\crt /Zm /Zi /D_X86_=1 /Di386=1 /DSTD_CALL /DCONDITION_HANDLING=1 /DNT_INST=0 /DWIN32=100 /D_NT1X_=100 /DWINNT=1 /D_WIN32_WINNT=0x0501 /DWINVER=0x0501 /D_WIN32_IE=0x0603 /DWIN32_LEAN_AND_MEAN=1 /DDEVL=1 /DDBG=1 /D__BUILDMACHINE__=WinDDK /DFPO=0 /Fod:\workspace\maddog\src\framework\common\objchk_wxp_x86\i386\common-asm.obj ..\i386\common-asm.asm
1> Assembling: ..\i386\common-asm.asm
1>ml.exe /safeseh /c /coff /Cx /nologo /Ii386\ /I. /I. /Id:\Workspace\MadDog\src\Framework\Util\Headers /Id:\Workspace\MadDog\src\Framework\vmx /Id:\workspace\maddog\src\framework\common\objchk_wxp_x86\i386 /IE:\WinDDK\6001.18001\inc\api /IE:\WinDDK\6001.18001\inc\api /IE:\WinDDK\6001.18001\inc\ddk /IE:\WinDDK\6001.18001\inc\ddk /IE:\WinDDK\6001.18001\inc\crt /Zm /Zi /D_X86_=1 /Di386=1 /DSTD_CALL /DCONDITION_HANDLING=1 /DNT_INST=0 /DWIN32=100 /D_NT1X_=100 /DWINNT=1 /D_WIN32_WINNT=0x0501 /DWINVER=0x0501 /D_WIN32_IE=0x0603 /DWIN32_LEAN_AND_MEAN=1 /DDEVL=1 /DDBG=1 /D__BUILDMACHINE__=WinDDK /DFPO=0 /Fod:\workspace\maddog\src\framework\common\objchk_wxp_x86\i386\regs.obj ..\i386\regs.asm
1> Assembling: ..\i386\regs.asm
1>ml.exe /safeseh /c /coff /Cx /nologo /Ii386\ /I. /I. /Id:\Workspace\MadDog\src\Framework\Util\Headers /Id:\Workspace\MadDog\src\Framework\vmx /Id:\workspace\maddog\src\framework\common\objchk_wxp_x86\i386 /IE:\WinDDK\6001.18001\inc\api /IE:\WinDDK\6001.18001\inc\api /IE:\WinDDK\6001.18001\inc\ddk /IE:\WinDDK\6001.18001\inc\ddk /IE:\WinDDK\6001.18001\inc\crt /Zm /Zi /D_X86_=1 /Di386=1 /DSTD_CALL /DCONDITION_HANDLING=1 /DNT_INST=0 /DWIN32=100 /D_NT1X_=100 /DWINNT=1 /D_WIN32_WINNT=0x0501 /DWINVER=0x0501 /D_WIN32_IE=0x0603 /DWIN32_LEAN_AND_MEAN=1 /DDEVL=1 /DDBG=1 /D__BUILDMACHINE__=WinDDK /DFPO=0 /Fod:\workspace\maddog\src\framework\common\objchk_wxp_x86\i386\vmx-asm.obj ..\i386\vmx-asm.asm
1> Assembling: ..\i386\vmx-asm.asm
1>ml.exe /safeseh /c /coff /Cx /nologo /Ii386\ /I. /I. /Id:\Workspace\MadDog\src\Framework\Util\Headers /Id:\Workspace\MadDog\src\Framework\vmx /Id:\workspace\maddog\src\framework\common\objchk_wxp_x86\i386 /IE:\WinDDK\6001.18001\inc\api /IE:\WinDDK\6001.18001\inc\api /IE:\WinDDK\6001.18001\inc\ddk /IE:\WinDDK\6001.18001\inc\ddk /IE:\WinDDK\6001.18001\inc\crt /Zm /Zi /D_X86_=1 /Di386=1 /DSTD_CALL /DCONDITION_HANDLING=1 /DNT_INST=0 /DWIN32=100 /D_NT1X_=100 /DWINNT=1 /D_WIN32_WINNT=0x0501 /DWINVER=0x0501 /D_WIN32_IE=0x0603 /DWIN32_LEAN_AND_MEAN=1 /DDEVL=1 /DDBG=1 /D__BUILDMACHINE__=WinDDK /DFPO=0 /Fod:\workspace\maddog\src\framework\common\objchk_wxp_x86\i386\msr.obj ..\i386\msr.asm
1> Assembling: ..\i386\msr.asm
1> cl.exe @d:\workspace\maddog\src\framework\common\objchk_wxp_x86\i386\cl.rsp
1>Microsoft (R) 32-bit C/C++ Optimizing Compiler Version 14.00.50727.278 for 80x86
1>Copyright (C) Microsoft Corporation.  All rights reserved.
1>cl /Fo"d:\workspace\maddog\src\framework\common\objchk_wxp_x86\i386/"
1> /FC
1> /MT
1> /U_MT
1> /Ii386
1> /I.
1> /I.
1> /Id:\Workspace\MadDog\src\Framework\Util\Headers
1> /Id:\Workspace\MadDog\src\Framework\vmx
1> /Id:\workspace\maddog\src\framework\common\objchk_wxp_x86\i386
1> /IE:\WinDDK\6001.18001\inc\api
1> /IE:\WinDDK\6001.18001\inc\api
1> /IE:\WinDDK\6001.18001\inc\ddk
1> /IE:\WinDDK\6001.18001\inc\ddk
1> /IE:\WinDDK\6001.18001\inc\crt
1> /D_X86_=1
1> /Di386=1
1> /DSTD_CALL
1> /DCONDITION_HANDLING=1
1> /DNT_INST=0
1> /DWIN32=100
1> /D_NT1X_=100
1> /DWINNT=1
1> /D_WIN32_WINNT=0x0501
1> /DWINVER=0x0501
1> /D_WIN32_IE=0x0603
1> /DWIN32_LEAN_AND_MEAN=1
1> /DDEVL=1
1> /DDBG=1
1> /D__BUILDMACHINE__=WinDDK
1> /DFPO=0
1> /DDEPRECATE_DDK_FUNCTIONS=1
1> /DMSC_NOOPT
1> /DNTDDI_VERSION=0x05010200
1> /c
1> /Zc:wchar_t-
1> /Zl
1> /Zp8
1> /Gy
1> /Gm-
1> -cbstring
1> /W3
1> /Gz
1> /hotpatch
1> /EHs-c-
1> /GR-
1> /GF
1> /GS
1> /Z7
1> /Od
1> /Oi
1> /Oy-
1> /Z7
1> /DKMDF_MAJOR_VERSION=01
1> /DKMDF_MINOR_VERSION=007
1> /FIE:\WinDDK\6001.18001\inc\api\warning.h
1> .\vtcoredebugger.c .\vtcore.c .\hvm.c .\common.c .\traps.c .\memory.c 
1>vtcoredebugger.c
1>d:\workspace\maddog\src\framework\common\common.h(52) : warning C4005: 'Print' : macro redefinition
1>warnings in directory d:\workspace\maddog\src\framework\common
1>d:\workspace\maddog\src\framework\common\common.h(52) : warning C4005: 'Print' : macro redefinition
1> d:\workspace\maddog\src\framework\common\vtcoredebugger.h(4) : see previous definition of 'Print'
1>vtcore.c
1>d:\workspace\maddog\src\framework\common\common.h(52) : warning C4005: 'Print' : macro redefinition
1>d:\workspace\maddog\src\framework\common\common.h(52) : warning C4005: 'Print' : macro redefinition
1> d:\workspace\maddog\src\framework\common\vtcoredebugger.h(4) : see previous definition of 'Print'
1>hvm.c
1>common.c
1>traps.c
1>memory.c
1>Generating Code...
1> link.exe /lib /out:d:\Workspace\MadDog\bin\Framework\lib\i386\VTCore.lib /IGNORE:4198,4010,4037,4039,4065,4070,4078,4087,4089,4221  /WX /nodefaultlib /machine:ix86 @d:\workspace\maddog\src\framework\common\objchk_wxp_x86\i386\lib.rsp
1>Microsoft (R) Library Manager Version 8.00.50727.278
1>Copyright (C) Microsoft Corporation.  All rights reserved.
1>d:\workspace\maddog\src\framework\common\objchk_wxp_x86\i386\cpuid.obj 
1>d:\workspace\maddog\src\framework\common\objchk_wxp_x86\i386\common-asm.obj 
1>d:\workspace\maddog\src\framework\common\objchk_wxp_x86\i386\regs.obj 
1>d:\workspace\maddog\src\framework\common\objchk_wxp_x86\i386\vmx-asm.obj 
1>d:\workspace\maddog\src\framework\common\objchk_wxp_x86\i386\msr.obj 
1>d:\workspace\maddog\src\framework\common\objchk_wxp_x86\i386\vtcoredebugger.obj 
1>d:\workspace\maddog\src\framework\common\objchk_wxp_x86\i386\vtcore.obj 
1>d:\workspace\maddog\src\framework\common\objchk_wxp_x86\i386\hvm.obj 
1>d:\workspace\maddog\src\framework\common\objchk_wxp_x86\i386\common.obj 
1>d:\workspace\maddog\src\framework\common\objchk_wxp_x86\i386\traps.obj 
1>d:\workspace\maddog\src\framework\common\objchk_wxp_x86\i386\memory.obj 
