BUILD: Examining d:\workspace2\maddog\src\sample\overshadow\clientconsole directory for files to compile.
skipping post pass 0 command
Compiling and Linking d:\workspace2\maddog\src\sample\overshadow\clientconsole *************
'nmake.exe /nologo BUILDMSG=Stop. -i BUILD_PASS=PASS2 LINKONLY=1 NOPASS0=1 MAKEDIR_RELATIVE_TO_BASEDIR='
d:\workspace2\maddog\src\sample\overshadow\clientconsole: TARGETPATH is d:\Workspace2\MadDog\bin\Sample\Overshadow\bin
BUILDMSG: _NT_TARGET_VERSION SET TO WINXP
 cl.exe @d:\workspace2\maddog\src\sample\overshadow\clientconsole\objchk_wxp_x86\i386\cl.rsp
Microsoft (R) 32-bit C/C++ Optimizing Compiler Version 14.00.50727.278 for 80x86
Copyright (C) Microsoft Corporation.  All rights reserved.
cl /Fo"d:\workspace2\maddog\src\sample\overshadow\clientconsole\objchk_wxp_x86\i386/"
 /FC
 /Ii386
 /I.
 /Id:\workspace2\maddog\src\sample\overshadow\clientconsole\objchk_wxp_x86\i386
 /IC:\WinDDK\6001.18001\inc\api
 /IC:\WinDDK\6001.18001\inc\api
 /IC:\WinDDK\6001.18001\inc\crt
 /D_X86_=1
 /Di386=1
 /DSTD_CALL
 /DCONDITION_HANDLING=1
 /DNT_INST=0
 /DWIN32=100
 /D_NT1X_=100
 /DWINNT=1
 /D_WIN32_WINNT=0x0501
 /DWINVER=0x0501
 /D_WIN32_IE=0x0603
 /DWIN32_LEAN_AND_MEAN=1
 /DDEVL=1
 /DDBG=1
 /D__BUILDMACHINE__=WinDDK
 /DFPO=0
 /D_MT=1
 /DDEPRECATE_DDK_FUNCTIONS=1
 /DMSC_NOOPT
 /DNTDDI_VERSION=0x05010200
 /c
 /Zc:wchar_t-
 /Zl
 /Zp8
 /Gy
 /Gm-
 /W3
 /Gz
 /hotpatch
 /EHs-c-
 /GR-
 /GF
 /GS
 /Z7
 /Od
 /Oi
 /Oy-
 /Z7
 /DKMDF_MAJOR_VERSION=01
 /DKMDF_MINOR_VERSION=007
 /FIC:\WinDDK\6001.18001\inc\api\warning.h
 .\bpknock.c 
bpknock.c
d:\workspace2\maddog\src\sample\overshadow\clientconsole\bpknock.c(54) : warning C4033: 'HyperCall' must return a value
warnings in directory d:\workspace2\maddog\src\sample\overshadow\clientconsole
d:\workspace2\maddog\src\sample\overshadow\clientconsole\bpknock.c(54) : warning C4033: 'HyperCall' must return a value
d:\workspace2\maddog\src\sample\overshadow\clientconsole\bpknock.c(56) : warning C4007: 'main' : must be '__cdecl'
d:\workspace2\maddog\src\sample\overshadow\clientconsole\bpknock.c(56) : warning C4007: 'main' : must be '__cdecl'
 link.exe /out:d:\Workspace2\MadDog\bin\Sample\Overshadow\bin\i386\ClientConsole.exe /machine:ix86 @d:\workspace2\maddog\src\sample\overshadow\clientconsole\objchk_wxp_x86\i386\lnk.rsp
Microsoft (R) Incremental Linker Version 8.00.50727.278
Copyright (C) Microsoft Corporation.  All rights reserved.
/MERGE:_PAGE=PAGE 
/MERGE:_TEXT=.text 
/SECTION:INIT,d 
/OPT:REF 
/OPT:ICF 
/IGNORE:4198,4010,4037,4039,4065,4070,4078,4087,4089,4221 
/INCREMENTAL:NO 
/release 
/NODEFAULTLIB 
/WX 
/debug 
/debugtype:cv,fixup,pdata 
/version:6.0 
/osversion:6.0 
/functionpadmin:5 
/safeseh 
/opt:nowin98 
/nxcompat 
/merge:.rdata=.text 
/pdbcompress 
/STACK:0x40000,0x2000 
/tsaware 
/dynamicbase 
/subsystem:console,5.01 
/base:@C:\WinDDK\6001.18001\bin\coffbase.txt,usermode 
/entry:mainCRTStartup 
d:\workspace2\maddog\src\sample\overshadow\clientconsole\objchk_wxp_x86\i386\bpknock.obj 
c:\winddk\6001.18001\lib\wxp\i386\advapi32.lib 
c:\winddk\6001.18001\lib\wxp\i386\kernel32.lib 
C:\WinDDK\6001.18001\lib\crt\i386\libcmt.lib 
c:\winddk\6001.18001\lib\wxp\i386\sehupd.lib 
